7.2.1 06-04-2020 00:45:10 Starting new session. Mods: examplemod 
7.2.1 06-04-2020 00:46:12 MAJOR: null: Loading language: en_us
7.2.1 06-04-2020 00:46:13 MAJOR: null: LanguageData loaded: en_us. Wand invitem name: Wand of Summoning
7.2.1 06-04-2020 01:05:34 Starting new session. Mods: examplemod 
7.2.1 06-04-2020 01:07:19 MAJOR: null: Loading language: en_us
7.2.1 06-04-2020 01:07:21 MAJOR: null: LanguageData loaded: en_us. Wand invitem name: Wand of Summoning
7.2.1 06-04-2020 16:31:56 Starting new session. Mods: examplemod 
7.2.1 06-04-2020 16:33:26 MAJOR: null: Loading language: en_us
7.2.1 06-04-2020 16:33:27 MAJOR: null: LanguageData loaded: en_us. Wand invitem name: Wand of Summoning
7.2.1 06-04-2020 18:22:56 Starting new session. Mods: examplemod 
7.2.1 06-04-2020 18:24:26 MAJOR: null: Loading language: en_us
7.2.1 06-04-2020 18:24:27 MAJOR: null: LanguageData loaded: en_us. Wand invitem name: Wand of Summoning
7.2.1 06-04-2020 22:42:38 ERROR: (lighthouse_A0 at 1208/70/-601/2/0/271200048/Pharos/net.minecraft.client.multiplayer.WorldClient@6e55e60f): No selling data from player CowGirl2019, only has data for [Ljava.lang.Object;@5493fbf3
7.2.1 06-04-2020 22:42:38 ERROR: (lighthouse_A0 at 1208/70/-601/2/0/271200048/Pharos/net.minecraft.client.multiplayer.WorldClient@6e55e60f): No selling data from player CowGirl2019, only has data for [Ljava.lang.Object;@3a9984e5
7.2.1 07-04-2020 21:19:11 Starting new session. Mods: examplemod 
7.2.1 07-04-2020 21:20:36 MAJOR: null: Loading language: en_us
7.2.1 07-04-2020 21:20:37 MAJOR: null: LanguageData loaded: en_us. Wand invitem name: Wand of Summoning
7.2.1 08-04-2020 22:50:47 Starting new session. Mods: examplemod 
7.2.1 08-04-2020 22:52:12 MAJOR: null: Loading language: en_us
7.2.1 08-04-2020 22:52:13 MAJOR: null: LanguageData loaded: en_us. Wand invitem name: Wand of Summoning
7.2.1 08-04-2020 23:55:27 Starting new session. Mods: examplemod 
7.2.1 08-04-2020 23:56:58 MAJOR: null: Loading language: en_us
7.2.1 08-04-2020 23:56:59 MAJOR: null: LanguageData loaded: en_us. Wand invitem name: Wand of Summoning
7.2.1 09-04-2020 18:40:25 Starting new session. Mods: examplemod 
7.2.1 09-04-2020 18:41:51 MAJOR: null: Loading language: en_us
7.2.1 09-04-2020 18:41:52 MAJOR: null: LanguageData loaded: en_us. Wand invitem name: Wand of Summoning
7.2.1 09-04-2020 20:36:19 Starting new session. Mods: examplemod 
7.2.1 09-04-2020 20:37:48 MAJOR: null: Loading language: en_us
7.2.1 09-04-2020 20:37:49 MAJOR: null: LanguageData loaded: en_us. Wand invitem name: Wand of Summoning
7.2.1 10-04-2020 19:05:27 Starting new session. Mods: examplemod 
7.2.1 10-04-2020 19:07:06 MAJOR: null: Loading language: en_us
7.2.1 10-04-2020 19:07:07 MAJOR: null: LanguageData loaded: en_us. Wand invitem name: Wand of Summoning
7.2.1 10-04-2020 22:52:25 Starting new session. Mods: examplemod 
7.2.1 10-04-2020 22:54:03 MAJOR: null: Loading language: en_us
7.2.1 10-04-2020 22:54:04 MAJOR: null: LanguageData loaded: en_us. Wand invitem name: Wand of Summoning
7.2.1 10-04-2020 23:19:39 Starting new session. Mods: examplemod 
7.2.1 10-04-2020 23:21:10 MAJOR: null: Loading language: en_us
7.2.1 10-04-2020 23:21:11 MAJOR: null: LanguageData loaded: en_us. Wand invitem name: Wand of Summoning
7.2.1 11-04-2020 13:04:06 Starting new session. Mods: examplemod 
7.2.1 11-04-2020 13:05:49 MAJOR: null: Loading language: en_us
7.2.1 11-04-2020 13:05:50 MAJOR: null: LanguageData loaded: en_us. Wand invitem name: Wand of Summoning
7.2.1 11-04-2020 20:13:40 Starting new session. Mods: examplemod 
7.2.1 11-04-2020 20:15:17 MAJOR: null: Loading language: en_us
7.2.1 11-04-2020 20:15:18 MAJOR: null: LanguageData loaded: en_us. Wand invitem name: Wand of Summoning
7.2.1 11-04-2020 21:18:27 Starting new session. Mods: examplemod 
7.2.1 11-04-2020 21:19:50 MAJOR: null: Loading language: en_us
7.2.1 11-04-2020 21:19:51 MAJOR: null: LanguageData loaded: en_us. Wand invitem name: Wand of Summoning
7.2.1 12-04-2020 13:47:48 Starting new session. Mods: examplemod 
7.2.1 12-04-2020 13:49:26 MAJOR: null: Loading language: en_us
7.2.1 12-04-2020 13:49:27 MAJOR: null: LanguageData loaded: en_us. Wand invitem name: Wand of Summoning
7.2.1 13-04-2020 19:56:37 Starting new session. Mods: examplemod 
7.2.1 13-04-2020 19:58:25 MAJOR: null: Loading language: en_us
7.2.1 13-04-2020 19:58:26 MAJOR: null: LanguageData loaded: en_us. Wand invitem name: Wand of Summoning
7.2.1 14-04-2020 20:11:35 Starting new session. Mods: examplemod 
7.2.1 14-04-2020 20:15:15 MAJOR: null: Loading language: en_us
7.2.1 14-04-2020 20:15:19 MAJOR: null: LanguageData loaded: en_us. Wand invitem name: Wand of Summoning
7.2.1 14-04-2020 20:38:10 Starting new session. Mods: examplemod 
7.2.1 14-04-2020 20:40:06 MAJOR: null: Loading language: en_us
7.2.1 14-04-2020 20:40:07 MAJOR: null: LanguageData loaded: en_us. Wand invitem name: Wand of Summoning
7.2.1 17-04-2020 20:23:55 Starting new session. Mods: examplemod 
7.2.1 17-04-2020 20:25:57 MAJOR: null: Loading language: en_us
7.2.1 17-04-2020 20:25:58 MAJOR: null: LanguageData loaded: en_us. Wand invitem name: Wand of Summoning
7.2.1 17-04-2020 20:30:31 Starting new session. Mods: examplemod 
7.2.1 17-04-2020 20:32:00 MAJOR: null: Loading language: en_us
7.2.1 17-04-2020 20:32:01 MAJOR: null: LanguageData loaded: en_us. Wand invitem name: Wand of Summoning
7.2.1 20-04-2020 21:05:40 Starting new session. Mods: examplemod 
7.2.1 20-04-2020 21:08:07 MAJOR: null: Loading language: en_us
7.2.1 20-04-2020 21:08:08 MAJOR: null: LanguageData loaded: en_us. Wand invitem name: Wand of Summoning
7.2.1 22-04-2020 20:09:06 Starting new session. Mods: examplemod 
7.2.1 22-04-2020 20:11:21 MAJOR: null: Loading language: en_us
7.2.1 22-04-2020 20:11:22 MAJOR: null: LanguageData loaded: en_us. Wand invitem name: Wand of Summoning
7.2.1 24-04-2020 19:43:31 Starting new session. Mods: examplemod 
7.2.1 24-04-2020 19:46:32 MAJOR: null: Loading language: en_us
7.2.1 24-04-2020 19:46:34 MAJOR: null: LanguageData loaded: en_us. Wand invitem name: Wand of Summoning
7.2.1 24-04-2020 19:52:36 Starting new session. Mods: examplemod 
7.2.1 24-04-2020 19:54:39 MAJOR: null: Loading language: en_us
7.2.1 24-04-2020 19:54:41 MAJOR: null: LanguageData loaded: en_us. Wand invitem name: Wand of Summoning
7.2.1 24-04-2020 19:57:29 Starting new session. Mods: examplemod 
7.2.1 24-04-2020 19:59:15 MAJOR: null: Loading language: en_us
7.2.1 24-04-2020 19:59:16 MAJOR: null: LanguageData loaded: en_us. Wand invitem name: Wand of Summoning
7.2.1 04-05-2020 22:55:46 Starting new session. Mods: examplemod 
7.2.1 04-05-2020 22:57:31 MAJOR: null: Loading language: en_us
7.2.1 04-05-2020 22:57:32 MAJOR: null: LanguageData loaded: en_us. Wand invitem name: Wand of Summoning
7.2.1 05-05-2020 23:05:59 Starting new session. Mods: examplemod 
7.2.1 05-05-2020 23:07:35 MAJOR: null: Loading language: en_us
7.2.1 05-05-2020 23:07:37 MAJOR: null: LanguageData loaded: en_us. Wand invitem name: Wand of Summoning
7.2.1 06-06-2020 22:13:44 Starting new session. Mods: examplemod 
7.2.1 06-06-2020 22:15:19 MAJOR: null: Loading language: en_us
7.2.1 06-06-2020 22:15:21 MAJOR: null: LanguageData loaded: en_us. Wand invitem name: Wand of Summoning
7.2.1 07-06-2020 19:31:57 Starting new session. Mods: examplemod 
7.2.1 07-06-2020 19:34:18 MAJOR: null: Loading language: en_us
7.2.1 07-06-2020 19:34:19 MAJOR: null: LanguageData loaded: en_us. Wand invitem name: Wand of Summoning
7.2.1 10-06-2020 21:11:08 Starting new session. Mods: examplemod 
7.2.1 10-06-2020 21:13:47 MAJOR: null: Loading language: en_us
7.2.1 10-06-2020 21:13:49 MAJOR: null: LanguageData loaded: en_us. Wand invitem name: Wand of Summoning
7.2.1 10-06-2020 21:50:09 Starting new session. Mods: examplemod 
7.2.1 10-06-2020 21:55:04 MAJOR: null: Loading language: en_us
7.2.1 10-06-2020 21:55:06 MAJOR: null: LanguageData loaded: en_us. Wand invitem name: Wand of Summoning
7.2.1 10-06-2020 22:08:35 Starting new session. Mods: examplemod 
7.2.1 10-06-2020 22:11:54 MAJOR: null: Loading language: en_us
7.2.1 10-06-2020 22:11:56 MAJOR: null: LanguageData loaded: en_us. Wand invitem name: Wand of Summoning
7.2.1 11-06-2020 14:33:52 Starting new session. Mods: examplemod 
7.2.1 11-06-2020 14:35:30 MAJOR: null: Loading language: en_us
7.2.1 11-06-2020 14:35:31 MAJOR: null: LanguageData loaded: en_us. Wand invitem name: Wand of Summoning
7.2.1 11-06-2020 21:12:06 Starting new session. Mods: examplemod 
7.2.1 11-06-2020 21:13:38 MAJOR: null: Loading language: en_us
7.2.1 11-06-2020 21:13:39 MAJOR: null: LanguageData loaded: en_us. Wand invitem name: Wand of Summoning
7.2.1 12-06-2020 20:30:07 Starting new session. Mods: examplemod 
7.2.1 12-06-2020 20:31:55 MAJOR: null: Loading language: en_us
7.2.1 12-06-2020 20:31:56 MAJOR: null: LanguageData loaded: en_us. Wand invitem name: Wand of Summoning
7.2.1 12-06-2020 22:00:36 Starting new session. Mods: examplemod 
7.2.1 12-06-2020 22:02:02 MAJOR: null: Loading language: en_us
7.2.1 12-06-2020 22:02:03 MAJOR: null: LanguageData loaded: en_us. Wand invitem name: Wand of Summoning
7.2.1 13-06-2020 14:10:42 Starting new session. Mods: examplemod 
7.2.1 13-06-2020 14:12:27 MAJOR: null: Loading language: en_us
7.2.1 13-06-2020 14:12:28 MAJOR: null: LanguageData loaded: en_us. Wand invitem name: Wand of Summoning
7.2.1 14-06-2020 12:51:42 Starting new session. Mods: examplemod 
7.2.1 14-06-2020 12:53:11 MAJOR: null: Loading language: en_us
7.2.1 14-06-2020 12:53:12 MAJOR: null: LanguageData loaded: en_us. Wand invitem name: Wand of Summoning
7.2.1 17-06-2020 21:15:27 Starting new session. Mods: examplemod 
7.2.1 17-06-2020 21:17:04 MAJOR: null: Loading language: en_us
7.2.1 17-06-2020 21:17:06 MAJOR: null: LanguageData loaded: en_us. Wand invitem name: Wand of Summoning
7.2.1 18-06-2020 22:22:10 Starting new session. Mods: examplemod 
7.2.1 18-06-2020 22:24:45 MAJOR: null: Loading language: en_us
7.2.1 18-06-2020 22:24:47 MAJOR: null: LanguageData loaded: en_us. Wand invitem name: Wand of Summoning
7.2.1 20-06-2020 13:22:31 Starting new session. Mods: examplemod 
7.2.1 20-06-2020 13:26:36 MAJOR: null: Loading language: en_us
7.2.1 20-06-2020 13:26:39 MAJOR: null: LanguageData loaded: en_us. Wand invitem name: Wand of Summoning
7.2.1 20-06-2020 14:17:47 Starting new session. Mods: examplemod 
7.2.1 20-06-2020 14:20:18 MAJOR: null: Loading language: en_us
7.2.1 20-06-2020 14:20:20 MAJOR: null: LanguageData loaded: en_us. Wand invitem name: Wand of Summoning
7.2.1 20-06-2020 16:49:15 Starting new session. Mods: examplemod 
7.2.1 20-06-2020 16:53:25 MAJOR: null: Loading language: en_us
7.2.1 20-06-2020 16:53:29 MAJOR: null: LanguageData loaded: en_us. Wand invitem name: Wand of Summoning
7.2.1 20-06-2020 19:17:30 Starting new session. Mods: examplemod 
7.2.1 20-06-2020 19:20:14 MAJOR: null: Loading language: en_us
7.2.1 20-06-2020 19:20:16 MAJOR: null: LanguageData loaded: en_us. Wand invitem name: Wand of Summoning
7.2.1 20-06-2020 23:11:34 Starting new session. Mods: examplemod 
7.2.1 20-06-2020 23:14:24 MAJOR: null: Loading language: en_us
7.2.1 20-06-2020 23:14:26 MAJOR: null: LanguageData loaded: en_us. Wand invitem name: Wand of Summoning
7.2.1 21-06-2020 10:45:58 Starting new session. Mods: examplemod 
7.2.1 21-06-2020 10:47:50 MAJOR: null: Loading language: en_us
7.2.1 21-06-2020 10:47:51 MAJOR: null: LanguageData loaded: en_us. Wand invitem name: Wand of Summoning
7.2.1 21-06-2020 17:28:02 Starting new session. Mods: examplemod 
7.2.1 21-06-2020 17:30:02 MAJOR: null: Loading language: en_us
7.2.1 21-06-2020 17:30:04 MAJOR: null: LanguageData loaded: en_us. Wand invitem name: Wand of Summoning
7.2.1 21-06-2020 21:16:46 Starting new session. Mods: examplemod 
7.2.1 21-06-2020 21:18:48 MAJOR: null: Loading language: en_us
7.2.1 21-06-2020 21:18:50 MAJOR: null: LanguageData loaded: en_us. Wand invitem name: Wand of Summoning
7.2.1 22-06-2020 20:43:28 Starting new session. Mods: examplemod 
7.2.1 22-06-2020 20:44:54 MAJOR: null: Loading language: en_us
7.2.1 22-06-2020 20:44:55 MAJOR: null: LanguageData loaded: en_us. Wand invitem name: Wand of Summoning
7.2.1 23-06-2020 21:01:39 Starting new session. Mods: examplemod 
7.2.1 23-06-2020 21:03:16 MAJOR: null: Loading language: en_us
7.2.1 23-06-2020 21:03:17 MAJOR: null: LanguageData loaded: en_us. Wand invitem name: Wand of Summoning
7.2.1 23-06-2020 21:52:45 Starting new session. Mods: examplemod 
7.2.1 23-06-2020 21:55:05 MAJOR: null: Loading language: en_us
7.2.1 23-06-2020 21:55:07 MAJOR: null: LanguageData loaded: en_us. Wand invitem name: Wand of Summoning
7.2.1 23-06-2020 22:00:20 Starting new session. Mods: examplemod 
7.2.1 23-06-2020 22:01:58 MAJOR: null: Loading language: en_us
7.2.1 23-06-2020 22:01:58 MAJOR: null: LanguageData loaded: en_us. Wand invitem name: Wand of Summoning
7.2.1 23-06-2020 23:13:11 Starting new session. Mods: examplemod 
7.2.1 23-06-2020 23:14:45 MAJOR: null: Loading language: en_us
7.2.1 23-06-2020 23:14:46 MAJOR: null: LanguageData loaded: en_us. Wand invitem name: Wand of Summoning
7.2.1 23-06-2020 23:22:14 Starting new session. Mods: examplemod 
7.2.1 23-06-2020 23:26:14 MAJOR: null: Loading language: en_us
7.2.1 23-06-2020 23:26:16 MAJOR: null: LanguageData loaded: en_us. Wand invitem name: Wand of Summoning
7.2.1 01-07-2020 21:51:53 Starting new session. Mods: examplemod 
7.2.1 01-07-2020 21:55:50 MAJOR: null: Loading language: en_us
7.2.1 01-07-2020 21:55:52 MAJOR: null: LanguageData loaded: en_us. Wand invitem name: Wand of Summoning
7.2.1 01-07-2020 22:04:20 Starting new session. Mods: examplemod 
7.2.1 01-07-2020 22:10:45 Starting new session. Mods: examplemod 
7.2.1 01-07-2020 22:16:28 MAJOR: null: Loading language: en_us
7.2.1 01-07-2020 22:16:30 MAJOR: null: LanguageData loaded: en_us. Wand invitem name: Wand of Summoning
7.2.1 12-07-2020 21:23:48 Starting new session. Mods: examplemod 
7.2.1 12-07-2020 21:33:51 MAJOR: null: Loading language: en_us
7.2.1 12-07-2020 21:34:00 MAJOR: null: LanguageData loaded: en_us. Wand invitem name: Wand of Summoning
7.2.1 17-07-2020 22:02:13 Starting new session. Mods: examplemod 
7.2.1 17-07-2020 22:06:03 MAJOR: null: Loading language: en_us
7.2.1 17-07-2020 22:06:05 MAJOR: null: LanguageData loaded: en_us. Wand invitem name: Wand of Summoning
7.2.1 17-07-2020 22:07:12 Error in ClientReceiver.onPacketData:
7.2.1 17-07-2020 22:07:12 java.lang.NullPointerException
	at org.millenaire.client.network.ClientReceiver.processPacket(ClientReceiver.java:111)
	at org.millenaire.client.network.ClientReceiver.access$000(ClientReceiver.java:40)
	at org.millenaire.client.network.ClientReceiver$1.run(ClientReceiver.java:72)
	at java.util.concurrent.Executors$RunnableAdapter.call(Executors.java:511)
	at java.util.concurrent.FutureTask.run(FutureTask.java:266)
	at net.minecraft.util.Util.func_181617_a(Util.java:529)
	at net.minecraft.client.Minecraft.func_71411_J(Minecraft.java:1088)
	at net.minecraft.client.Minecraft.func_99999_d(Minecraft.java:3942)
	at net.minecraft.client.main.Main.main(SourceFile:123)
	at sun.reflect.NativeMethodAccessorImpl.invoke0(Native Method)
	at sun.reflect.NativeMethodAccessorImpl.invoke(NativeMethodAccessorImpl.java:62)
	at sun.reflect.DelegatingMethodAccessorImpl.invoke(DelegatingMethodAccessorImpl.java:43)
	at java.lang.reflect.Method.invoke(Method.java:497)
	at net.minecraft.launchwrapper.Launch.launch(Launch.java:135)
	at net.minecraft.launchwrapper.Launch.main(Launch.java:28)

7.2.1 17-07-2020 22:10:05 Starting new session. Mods: examplemod 
7.2.1 17-07-2020 22:14:04 MAJOR: null: Loading language: en_us
7.2.1 17-07-2020 22:14:05 MAJOR: null: LanguageData loaded: en_us. Wand invitem name: Wand of Summoning
7.2.1 17-07-2020 22:22:02 Starting new session. Mods: examplemod 
7.2.1 17-07-2020 22:25:10 MAJOR: null: Loading language: en_us
7.2.1 17-07-2020 22:25:11 MAJOR: null: LanguageData loaded: en_us. Wand invitem name: Wand of Summoning
